2025-05-25 16:13:27,088 - __main__ - INFO - Initializing models...
2025-05-25 16:13:27,105 - sentence_transformers.SentenceTransformer - INFO - Use pytorch device_name: cpu
2025-05-25 16:13:27,107 - sentence_transformers.SentenceTransformer - INFO - Load pretrained SentenceTransformer: sentence-transformers/all-MiniLM-L6-v2
2025-05-25 16:16:19,905 - __main__ - INFO - Successfully loaded TinyLlama/TinyLlama-1.1B-Chat-v1.0
2025-05-25 16:16:19,937 - __main__ - INFO - Created new FAISS index
2025-05-25 16:17:16,320 - __main__ - INFO - Starting daily CVE processing batch
2025-05-25 16:17:16,320 - __main__ - INFO - Found 1 JSON files to process
2025-05-25 16:17:16,479 - __main__ - INFO - Processed and moved all_output.json
2025-05-25 16:17:16,480 - __main__ - INFO - No CVE files to process
2025-05-25 16:17:48,522 - __main__ - WARNING - No data in FAISS index
2025-05-25 16:18:22,007 - __main__ - WARNING - No data in FAISS index
2025-05-25 16:18:29,180 - __main__ - WARNING - No data in FAISS index
2025-05-25 16:19:01,245 - __main__ - INFO - Initializing models...
2025-05-25 16:19:01,247 - sentence_transformers.SentenceTransformer - INFO - Use pytorch device_name: cpu
2025-05-25 16:19:01,247 - sentence_transformers.SentenceTransformer - INFO - Load pretrained SentenceTransformer: sentence-transformers/all-MiniLM-L6-v2
2025-05-25 16:19:45,541 - __main__ - INFO - Successfully loaded TinyLlama/TinyLlama-1.1B-Chat-v1.0
2025-05-25 16:19:45,611 - __main__ - INFO - Created new FAISS index
2025-05-25 16:20:00,506 - __main__ - INFO - Starting daily CVE processing batch
2025-05-25 16:20:00,521 - __main__ - INFO - Found 0 JSON files to process
2025-05-25 16:20:00,521 - __main__ - INFO - No CVE files to process
